[debug] [2023-07-12T18:07:36.000Z] ----------------------------------------------------------------------
[debug] [2023-07-12T18:07:36.001Z] Command:       /usr/local/bin/node /usr/local/bin/firebase init
[debug] [2023-07-12T18:07:36.001Z] CLI Version:   12.4.3
[debug] [2023-07-12T18:07:36.001Z] Platform:      darwin
[debug] [2023-07-12T18:07:36.002Z] Node Version:  v18.15.0
[debug] [2023-07-12T18:07:36.002Z] Time:          Wed Jul 12 2023 21:07:36 GMT+0300 (Moscow Standard Time)
[debug] [2023-07-12T18:07:36.002Z] ----------------------------------------------------------------------
[debug] 
[debug] [2023-07-12T18:07:36.005Z] > command requires scopes: ["email","openid","https://www.googleapis.com/auth/cloudplatformprojects.readonly","https://www.googleapis.com/auth/firebase","https://www.googleapis.com/auth/cloud-platform"]
[debug] [2023-07-12T18:07:36.005Z] > authorizing via signed-in user (yandrinsky@gmail.com)
[info] 
     ######## #### ########  ######## ########     ###     ######  ########
     ##        ##  ##     ## ##       ##     ##  ##   ##  ##       ##
     ######    ##  ########  ######   ########  #########  ######  ######
     ##        ##  ##    ##  ##       ##     ## ##     ##       ## ##
     ##       #### ##     ## ######## ########  ##     ##  ######  ########

You're about to initialize a Firebase project in this directory:

  /Users/vlad/Desktop/web/js-service-front

[info] 
=== Project Setup
[info] 
[info] First, let's associate this project directory with a Firebase project.
[info] You can create multiple project aliases by running firebase use --add, 
[info] but for now we'll just set up a default project.
[info] 
[debug] [2023-07-12T18:08:11.245Z] >>> [apiv2][query] GET https://firebase.googleapis.com/v1beta1/projects pageSize=100
[debug] [2023-07-12T18:08:11.873Z] <<< [apiv2][status] GET https://firebase.googleapis.com/v1beta1/projects 200
[debug] [2023-07-12T18:08:11.873Z] <<< [apiv2][body] GET https://firebase.googleapis.com/v1beta1/projects [omitted]
[info] i  Using project maximum-frontend (maximum-frontend) 
[info] 
=== Hosting Setup
[info] 
[info] Your public directory is the folder (relative to your project directory) that
[info] will contain Hosting assets to be uploaded with firebase deploy. If you
[info] have a build process for your assets, use your build's output directory.
[info] 
